<?xml version="1.0" encoding="UTF-8"?>
<!-- Generated by org.testng.reporters.JUnitReportReporter -->
<testsuite hostname="AmeerPC" failures="0" tests="3" name="Day47.LoginTest" time="8.184" errors="0" timestamp="2025-01-08T17:46:37 GMT" skipped="0">
  <testcase classname="Day47.LoginTest" name="verifymainlogo" time="5.163"/>
  <testcase classname="Day47.LoginTest" name="loginpage" time="1.839"/>
  <testcase classname="Day47.LoginTest" name="accountPage" time="1.182"/>
</testsuite> <!-- Day47.LoginTest -->
